{"uid":"4658e9f80d586edd","name":"test_register_and_update_profile","fullName":"test_user_workflow#test_register_and_update_profile","historyId":"30d2df8c8fcf1caae16a76d0968af4c5","time":{"start":1720132608467,"stop":1720132612300,"duration":3833},"status":"passed","flaky":false,"newFailed":false,"newBroken":false,"newPassed":false,"retriesCount":37,"retriesStatusChange":true,"beforeStages":[{"name":"driver","time":{"start":1720132602522,"stop":1720132608466,"duration":5944},"status":"passed","steps":[],"attachments":[],"parameters":[],"attachmentsCount":0,"shouldDisplayMessage":false,"hasContent":false,"attachmentStep":false,"stepsCount":0}],"testStage":{"status":"passed","steps":[{"name":"Register a new user","time":{"start":1720132608467,"stop":1720132609912,"duration":1445},"status":"passed","steps":[],"attachments":[],"parameters":[{"name":"driver","value":"<selenium.webdriver.firefox.webdriver.WebDriver (session=\"81454732-0589-42c6-b489-d04671a9d2fb\")>"}],"attachmentsCount":0,"shouldDisplayMessage":false,"hasContent":true,"attachmentStep":false,"stepsCount":0}],"attachments":[{"uid":"e29f48954e87a7bc","name":"registration","source":"e29f48954e87a7bc.png","type":"image/png","size":43477},{"uid":"34deda21ec1d91d1","name":"login","source":"34deda21ec1d91d1.png","type":"image/png","size":32020},{"uid":"d8133284bd3c5603","name":"update_profile","source":"d8133284bd3c5603.png","type":"image/png","size":38509},{"uid":"e954b98ee78b83e1","name":"send_message","source":"e954b98ee78b83e1.png","type":"image/png","size":45719},{"uid":"a65c5c34f2389f13","name":"stdout","source":"a65c5c34f2389f13.txt","type":"text/plain","size":47}],"parameters":[],"attachmentsCount":5,"shouldDisplayMessage":false,"hasContent":true,"attachmentStep":false,"stepsCount":1},"afterStages":[{"name":"driver::0","time":{"start":1720132612300,"stop":1720132614887,"duration":2587},"status":"passed","steps":[],"attachments":[],"parameters":[],"attachmentsCount":0,"shouldDisplayMessage":false,"hasContent":false,"attachmentStep":false,"stepsCount":0}],"labels":[{"name":"suite","value":"test_user_workflow"},{"name":"host","value":"DESKTOP-BJNM022"},{"name":"thread","value":"2108-MainThread"},{"name":"framework","value":"pytest"},{"name":"language","value":"cpython3"},{"name":"package","value":"test_user_workflow"},{"name":"resultFormat","value":"allure2"}],"parameters":[],"links":[],"hidden":false,"retry":false,"extra":{"severity":"normal","retries":[{"uid":"b2a825a35520bf12","status":"broken","statusDetails":"selenium.common.exceptions.ElementClickInterceptedException: Message: Element <span class=\"search-result-nickname\"> is not clickable at point (99,89) because another element <div class=\"sidebar-overlay\"> obscures it\nStacktrace:\nRemoteError@chrome://remote/content/shared/RemoteError.sys.mjs:8:8\nWebDriverError@chrome://remote/content/shared/webdriver/Errors.sys.mjs:193:5\nElementClickInterceptedError@chrome://remote/content/shared/webdriver/Errors.sys.mjs:337:5\nwebdriverClickElement@chrome://remote/content/marionette/interaction.sys.mjs:177:11\ninteraction.clickElement@chrome://remote/content/marionette/interaction.sys.mjs:136:11\nclickElement@chrome://remote/content/marionette/actors/MarionetteCommandsChild.sys.mjs:205:29\nreceiveMessage@chrome://remote/content/marionette/actors/MarionetteCommandsChild.sys.mjs:85:31","time":{"start":1720132345195,"stop":1720132348615,"duration":3420}},{"uid":"1e6c4fbeb3dc23df","status":"broken","statusDetails":"selenium.common.exceptions.ElementClickInterceptedException: Message: Element <span class=\"search-result-nickname\"> is not clickable at point (99,89) because another element <div class=\"sidebar-overlay\"> obscures it\nStacktrace:\nRemoteError@chrome://remote/content/shared/RemoteError.sys.mjs:8:8\nWebDriverError@chrome://remote/content/shared/webdriver/Errors.sys.mjs:193:5\nElementClickInterceptedError@chrome://remote/content/shared/webdriver/Errors.sys.mjs:337:5\nwebdriverClickElement@chrome://remote/content/marionette/interaction.sys.mjs:177:11\ninteraction.clickElement@chrome://remote/content/marionette/interaction.sys.mjs:136:11\nclickElement@chrome://remote/content/marionette/actors/MarionetteCommandsChild.sys.mjs:205:29\nreceiveMessage@chrome://remote/content/marionette/actors/MarionetteCommandsChild.sys.mjs:85:31","time":{"start":1720132167226,"stop":1720132170650,"duration":3424}},{"uid":"d965fbb14c4fa085","status":"broken","statusDetails":"selenium.common.exceptions.ElementClickInterceptedException: Message: Element <span class=\"search-result-nickname\"> is not clickable at point (99,89) because another element <div class=\"sidebar-overlay\"> obscures it\nStacktrace:\nRemoteError@chrome://remote/content/shared/RemoteError.sys.mjs:8:8\nWebDriverError@chrome://remote/content/shared/webdriver/Errors.sys.mjs:193:5\nElementClickInterceptedError@chrome://remote/content/shared/webdriver/Errors.sys.mjs:337:5\nwebdriverClickElement@chrome://remote/content/marionette/interaction.sys.mjs:177:11\ninteraction.clickElement@chrome://remote/content/marionette/interaction.sys.mjs:136:11\nclickElement@chrome://remote/content/marionette/actors/MarionetteCommandsChild.sys.mjs:205:29\nreceiveMessage@chrome://remote/content/marionette/actors/MarionetteCommandsChild.sys.mjs:85:31","time":{"start":1720132063293,"stop":1720132066966,"duration":3673}},{"uid":"12464b433bc7ce76","status":"broken","statusDetails":"selenium.common.exceptions.ElementClickInterceptedException: Message: Element <span class=\"search-result-nickname\"> is not clickable at point (99,89) because another element <div class=\"sidebar-overlay\"> obscures it\nStacktrace:\nRemoteError@chrome://remote/content/shared/RemoteError.sys.mjs:8:8\nWebDriverError@chrome://remote/content/shared/webdriver/Errors.sys.mjs:193:5\nElementClickInterceptedError@chrome://remote/content/shared/webdriver/Errors.sys.mjs:337:5\nwebdriverClickElement@chrome://remote/content/marionette/interaction.sys.mjs:177:11\ninteraction.clickElement@chrome://remote/content/marionette/interaction.sys.mjs:136:11\nclickElement@chrome://remote/content/marionette/actors/MarionetteCommandsChild.sys.mjs:205:29\nreceiveMessage@chrome://remote/content/marionette/actors/MarionetteCommandsChild.sys.mjs:85:31","time":{"start":1720131875461,"stop":1720131879584,"duration":4123}},{"uid":"f5143f8dc42ad23d","status":"broken","statusDetails":"selenium.common.exceptions.ElementClickInterceptedException: Message: Element <span class=\"search-result-nickname\"> is not clickable at point (99,89) because another element <div class=\"sidebar-overlay\"> obscures it\nStacktrace:\nRemoteError@chrome://remote/content/shared/RemoteError.sys.mjs:8:8\nWebDriverError@chrome://remote/content/shared/webdriver/Errors.sys.mjs:193:5\nElementClickInterceptedError@chrome://remote/content/shared/webdriver/Errors.sys.mjs:337:5\nwebdriverClickElement@chrome://remote/content/marionette/interaction.sys.mjs:177:11\ninteraction.clickElement@chrome://remote/content/marionette/interaction.sys.mjs:136:11\nclickElement@chrome://remote/content/marionette/actors/MarionetteCommandsChild.sys.mjs:205:29\nreceiveMessage@chrome://remote/content/marionette/actors/MarionetteCommandsChild.sys.mjs:85:31","time":{"start":1720131773880,"stop":1720131777867,"duration":3987}},{"uid":"ecd381bd1df01d48","status":"broken","statusDetails":"selenium.common.exceptions.ElementClickInterceptedException: Message: Element <span class=\"search-result-nickname\"> is not clickable at point (99,89) because another element <div class=\"sidebar-overlay\"> obscures it\nStacktrace:\nRemoteError@chrome://remote/content/shared/RemoteError.sys.mjs:8:8\nWebDriverError@chrome://remote/content/shared/webdriver/Errors.sys.mjs:193:5\nElementClickInterceptedError@chrome://remote/content/shared/webdriver/Errors.sys.mjs:337:5\nwebdriverClickElement@chrome://remote/content/marionette/interaction.sys.mjs:177:11\ninteraction.clickElement@chrome://remote/content/marionette/interaction.sys.mjs:136:11\nclickElement@chrome://remote/content/marionette/actors/MarionetteCommandsChild.sys.mjs:205:29\nreceiveMessage@chrome://remote/content/marionette/actors/MarionetteCommandsChild.sys.mjs:85:31","time":{"start":1720131622861,"stop":1720131626707,"duration":3846}},{"uid":"240bbb0226d5e189","status":"broken","statusDetails":"selenium.common.exceptions.TimeoutException: Message: \nStacktrace:\nRemoteError@chrome://remote/content/shared/RemoteError.sys.mjs:8:8\nWebDriverError@chrome://remote/content/shared/webdriver/Errors.sys.mjs:193:5\nNoSuchElementError@chrome://remote/content/shared/webdriver/Errors.sys.mjs:511:5\ndom.find/</<@chrome://remote/content/shared/DOM.sys.mjs:136:16","time":{"start":1720131399876,"stop":1720131410491,"duration":10615}},{"uid":"f109b7deda1508ec","status":"broken","statusDetails":"selenium.common.exceptions.TimeoutException: Message: \nStacktrace:\nRemoteError@chrome://remote/content/shared/RemoteError.sys.mjs:8:8\nWebDriverError@chrome://remote/content/shared/webdriver/Errors.sys.mjs:193:5\nNoSuchElementError@chrome://remote/content/shared/webdriver/Errors.sys.mjs:511:5\ndom.find/</<@chrome://remote/content/shared/DOM.sys.mjs:136:16","time":{"start":1720131323964,"stop":1720131334646,"duration":10682}},{"uid":"ce5835c06150eafb","status":"broken","statusDetails":"selenium.common.exceptions.NoSuchElementException: Message: Unable to locate element: //input[@placeholder='Email родителя']; For documentation on this error, please visit: https://www.selenium.dev/documentation/webdriver/troubleshooting/errors#no-such-element-exception\nStacktrace:\nRemoteError@chrome://remote/content/shared/RemoteError.sys.mjs:8:8\nWebDriverError@chrome://remote/content/shared/webdriver/Errors.sys.mjs:193:5\nNoSuchElementError@chrome://remote/content/shared/webdriver/Errors.sys.mjs:511:5\ndom.find/</<@chrome://remote/content/shared/DOM.sys.mjs:136:16","time":{"start":1720131213900,"stop":1720131214425,"duration":525}},{"uid":"395015764183f47b","status":"broken","statusDetails":"selenium.common.exceptions.NoSuchElementException: Message: Unable to locate element: //input[@placeholder='Логин']; For documentation on this error, please visit: https://www.selenium.dev/documentation/webdriver/troubleshooting/errors#no-such-element-exception\nStacktrace:\nRemoteError@chrome://remote/content/shared/RemoteError.sys.mjs:8:8\nWebDriverError@chrome://remote/content/shared/webdriver/Errors.sys.mjs:193:5\nNoSuchElementError@chrome://remote/content/shared/webdriver/Errors.sys.mjs:511:5\ndom.find/</<@chrome://remote/content/shared/DOM.sys.mjs:136:16","time":{"start":1720131025337,"stop":1720131025612,"duration":275}},{"uid":"8058fa80e716d626","status":"broken","statusDetails":"selenium.common.exceptions.NoSuchElementException: Message: Unable to locate element: //input[@placeholder='Логин']; For documentation on this error, please visit: https://www.selenium.dev/documentation/webdriver/troubleshooting/errors#no-such-element-exception\nStacktrace:\nRemoteError@chrome://remote/content/shared/RemoteError.sys.mjs:8:8\nWebDriverError@chrome://remote/content/shared/webdriver/Errors.sys.mjs:193:5\nNoSuchElementError@chrome://remote/content/shared/webdriver/Errors.sys.mjs:511:5\ndom.find/</<@chrome://remote/content/shared/DOM.sys.mjs:136:16","time":{"start":1720130630995,"stop":1720130631275,"duration":280}},{"uid":"dbaddfd8de75031","status":"broken","statusDetails":"selenium.common.exceptions.NoSuchElementException: Message: Unable to locate element: //input[@placeholder='Логин']; For documentation on this error, please visit: https://www.selenium.dev/documentation/webdriver/troubleshooting/errors#no-such-element-exception\nStacktrace:\nRemoteError@chrome://remote/content/shared/RemoteError.sys.mjs:8:8\nWebDriverError@chrome://remote/content/shared/webdriver/Errors.sys.mjs:193:5\nNoSuchElementError@chrome://remote/content/shared/webdriver/Errors.sys.mjs:511:5\ndom.find/</<@chrome://remote/content/shared/DOM.sys.mjs:136:16","time":{"start":1720130565237,"stop":1720130565518,"duration":281}},{"uid":"5c6b45b2cf1a78ec","status":"broken","statusDetails":"selenium.common.exceptions.SessionNotCreatedException: Message: Expected browser binary location, but unable to find binary in default location, no 'moz:firefoxOptions.binary' capability provided, and no binary flag set on the command line","time":{"start":1720130468247,"stop":1720130473430,"duration":5183}},{"uid":"23592861069c9d0","status":"broken","statusDetails":"selenium.common.exceptions.NoSuchDriverException: Message: Unable to locate or obtain driver for firefox; For documentation on this error, please visit: https://www.selenium.dev/documentation/webdriver/troubleshooting/errors/driver_location","time":{"start":1720130301016,"stop":1720130301016,"duration":0}},{"uid":"809d4be60a93b746","status":"broken","statusDetails":"TypeError: __init__() got an unexpected keyword argument 'executable_path'","time":{"start":1720130249209,"stop":1720130249209,"duration":0}},{"uid":"b2730f02ac153a5a","status":"broken","statusDetails":"selenium.common.exceptions.NoSuchElementException: Message: Unable to locate element: //button[@class='header-toggle-button']; For documentation on this error, please visit: https://www.selenium.dev/documentation/webdriver/troubleshooting/errors#no-such-element-exception\nStacktrace:\nRemoteError@chrome://remote/content/shared/RemoteError.sys.mjs:8:8\nWebDriverError@chrome://remote/content/shared/webdriver/Errors.sys.mjs:193:5\nNoSuchElementError@chrome://remote/content/shared/webdriver/Errors.sys.mjs:511:5\ndom.find/</<@chrome://remote/content/shared/DOM.sys.mjs:136:16","time":{"start":1720115916378,"stop":1720115917564,"duration":1186}},{"uid":"b0d875f653626bc9","status":"broken","statusDetails":"selenium.common.exceptions.NoSuchElementException: Message: Unable to locate element: //input[@placeholder='Логин']; For documentation on this error, please visit: https://www.selenium.dev/documentation/webdriver/troubleshooting/errors#no-such-element-exception\nStacktrace:\nRemoteError@chrome://remote/content/shared/RemoteError.sys.mjs:8:8\nWebDriverError@chrome://remote/content/shared/webdriver/Errors.sys.mjs:193:5\nNoSuchElementError@chrome://remote/content/shared/webdriver/Errors.sys.mjs:511:5\ndom.find/</<@chrome://remote/content/shared/DOM.sys.mjs:136:16","time":{"start":1720115900300,"stop":1720115900566,"duration":266}},{"uid":"11d654f3ed848e2f","status":"broken","statusDetails":"selenium.common.exceptions.NoSuchElementException: Message: Unable to locate element: //input[@placeholder='Логин']; For documentation on this error, please visit: https://www.selenium.dev/documentation/webdriver/troubleshooting/errors#no-such-element-exception\nStacktrace:\nRemoteError@chrome://remote/content/shared/RemoteError.sys.mjs:8:8\nWebDriverError@chrome://remote/content/shared/webdriver/Errors.sys.mjs:193:5\nNoSuchElementError@chrome://remote/content/shared/webdriver/Errors.sys.mjs:511:5\ndom.find/</<@chrome://remote/content/shared/DOM.sys.mjs:136:16","time":{"start":1720115880582,"stop":1720115880815,"duration":233}},{"uid":"648546364483ca56","status":"broken","statusDetails":"selenium.common.exceptions.NoSuchElementException: Message: Unable to locate element: //input[@placeholder='Логин']; For documentation on this error, please visit: https://www.selenium.dev/documentation/webdriver/troubleshooting/errors#no-such-element-exception\nStacktrace:\nRemoteError@chrome://remote/content/shared/RemoteError.sys.mjs:8:8\nWebDriverError@chrome://remote/content/shared/webdriver/Errors.sys.mjs:193:5\nNoSuchElementError@chrome://remote/content/shared/webdriver/Errors.sys.mjs:511:5\ndom.find/</<@chrome://remote/content/shared/DOM.sys.mjs:136:16","time":{"start":1720115856947,"stop":1720115857208,"duration":261}},{"uid":"e72c8c37df42d906","status":"broken","statusDetails":"selenium.common.exceptions.NoSuchElementException: Message: Unable to locate element: //input[@placeholder='Логин']; For documentation on this error, please visit: https://www.selenium.dev/documentation/webdriver/troubleshooting/errors#no-such-element-exception\nStacktrace:\nRemoteError@chrome://remote/content/shared/RemoteError.sys.mjs:8:8\nWebDriverError@chrome://remote/content/shared/webdriver/Errors.sys.mjs:193:5\nNoSuchElementError@chrome://remote/content/shared/webdriver/Errors.sys.mjs:511:5\ndom.find/</<@chrome://remote/content/shared/DOM.sys.mjs:136:16","time":{"start":1720115800752,"stop":1720115800976,"duration":224}},{"uid":"c3990bc2228d3df0","status":"broken","statusDetails":"selenium.common.exceptions.TimeoutException: Message: \nStacktrace:\nRemoteError@chrome://remote/content/shared/RemoteError.sys.mjs:8:8\nWebDriverError@chrome://remote/content/shared/webdriver/Errors.sys.mjs:193:5\nNoSuchElementError@chrome://remote/content/shared/webdriver/Errors.sys.mjs:511:5\ndom.find/</<@chrome://remote/content/shared/DOM.sys.mjs:136:16","time":{"start":1720115588495,"stop":1720115598966,"duration":10471}},{"uid":"b17d6a738d5cda1e","status":"broken","statusDetails":"selenium.common.exceptions.TimeoutException: Message: \nStacktrace:\nRemoteError@chrome://remote/content/shared/RemoteError.sys.mjs:8:8\nWebDriverError@chrome://remote/content/shared/webdriver/Errors.sys.mjs:193:5\nNoSuchElementError@chrome://remote/content/shared/webdriver/Errors.sys.mjs:511:5\ndom.find/</<@chrome://remote/content/shared/DOM.sys.mjs:136:16","time":{"start":1720115468933,"stop":1720115479461,"duration":10528}},{"uid":"caec77a476fb8fe8","status":"broken","statusDetails":"selenium.common.exceptions.TimeoutException: Message: \nStacktrace:\nRemoteError@chrome://remote/content/shared/RemoteError.sys.mjs:8:8\nWebDriverError@chrome://remote/content/shared/webdriver/Errors.sys.mjs:193:5\nNoSuchElementError@chrome://remote/content/shared/webdriver/Errors.sys.mjs:511:5\ndom.find/</<@chrome://remote/content/shared/DOM.sys.mjs:136:16","time":{"start":1720115384971,"stop":1720115395444,"duration":10473}},{"uid":"74b04b0c7baaa1f7","status":"broken","statusDetails":"selenium.common.exceptions.NoSuchElementException: Message: Unable to locate element: //input[@placeholder='Имя']; For documentation on this error, please visit: https://www.selenium.dev/documentation/webdriver/troubleshooting/errors#no-such-element-exception\nStacktrace:\nRemoteError@chrome://remote/content/shared/RemoteError.sys.mjs:8:8\nWebDriverError@chrome://remote/content/shared/webdriver/Errors.sys.mjs:193:5\nNoSuchElementError@chrome://remote/content/shared/webdriver/Errors.sys.mjs:511:5\ndom.find/</<@chrome://remote/content/shared/DOM.sys.mjs:136:16","time":{"start":1720115243275,"stop":1720115243502,"duration":227}},{"uid":"504c1bb5ef145ac6","status":"broken","statusDetails":"selenium.common.exceptions.ElementClickInterceptedException: Message: Element <div class=\"search-result-item\"> is not clickable at point (640,89) because another element <div class=\"sidebar-overlay\"> obscures it\nStacktrace:\nRemoteError@chrome://remote/content/shared/RemoteError.sys.mjs:8:8\nWebDriverError@chrome://remote/content/shared/webdriver/Errors.sys.mjs:193:5\nElementClickInterceptedError@chrome://remote/content/shared/webdriver/Errors.sys.mjs:337:5\nwebdriverClickElement@chrome://remote/content/marionette/interaction.sys.mjs:177:11\ninteraction.clickElement@chrome://remote/content/marionette/interaction.sys.mjs:136:11\nclickElement@chrome://remote/content/marionette/actors/MarionetteCommandsChild.sys.mjs:205:29\nreceiveMessage@chrome://remote/content/marionette/actors/MarionetteCommandsChild.sys.mjs:85:31","time":{"start":1720115031454,"stop":1720115034010,"duration":2556}},{"uid":"b536c64092097282","status":"broken","statusDetails":"selenium.common.exceptions.InvalidArgumentException: Message: File not found: C:\\Smile\\test\\image.png\nStacktrace:\nRemoteError@chrome://remote/content/shared/RemoteError.sys.mjs:8:8\nWebDriverError@chrome://remote/content/shared/webdriver/Errors.sys.mjs:193:5\nInvalidArgumentError@chrome://remote/content/shared/webdriver/Errors.sys.mjs:384:5\ninteraction.uploadFiles@chrome://remote/content/marionette/interaction.sys.mjs:579:13","time":{"start":1720114849556,"stop":1720114851637,"duration":2081}},{"uid":"a277d0ea0d8aae2c","status":"broken","statusDetails":"selenium.common.exceptions.ElementNotInteractableException: Message: Element <img class=\"profile-picture\" src=\"default-avatar.svg\"> is not reachable by keyboard\nStacktrace:\nRemoteError@chrome://remote/content/shared/RemoteError.sys.mjs:8:8\nWebDriverError@chrome://remote/content/shared/webdriver/Errors.sys.mjs:193:5\nElementNotInteractableError@chrome://remote/content/shared/webdriver/Errors.sys.mjs:353:5\nwebdriverSendKeysToElement@chrome://remote/content/marionette/interaction.sys.mjs:667:13\ninteraction.sendKeysToElement@chrome://remote/content/marionette/interaction.sys.mjs:641:11\nsendKeysToElement@chrome://remote/content/marionette/actors/MarionetteCommandsChild.sys.mjs:525:29\nreceiveMessage@chrome://remote/content/marionette/actors/MarionetteCommandsChild.sys.mjs:151:31","time":{"start":1720114749887,"stop":1720114752015,"duration":2128}},{"uid":"637b931074fdd1b5","status":"broken","statusDetails":"selenium.common.exceptions.NoSuchElementException: Message: Unable to locate element: //button[@class='header-toggle-button']; For documentation on this error, please visit: https://www.selenium.dev/documentation/webdriver/troubleshooting/errors#no-such-element-exception\nStacktrace:\nRemoteError@chrome://remote/content/shared/RemoteError.sys.mjs:8:8\nWebDriverError@chrome://remote/content/shared/webdriver/Errors.sys.mjs:193:5\nNoSuchElementError@chrome://remote/content/shared/webdriver/Errors.sys.mjs:511:5\ndom.find/</<@chrome://remote/content/shared/DOM.sys.mjs:136:16","time":{"start":1720114630032,"stop":1720114631193,"duration":1161}},{"uid":"43f96bf0595a3424","status":"broken","statusDetails":"NameError: name 'Keys' is not defined","time":{"start":1720114523611,"stop":1720114523851,"duration":240}},{"uid":"1a307901295094b6","status":"broken","statusDetails":"selenium.common.exceptions.NoSuchElementException: Message: Unable to locate element: //button[contains(text(), 'Настройки')]; For documentation on this error, please visit: https://www.selenium.dev/documentation/webdriver/troubleshooting/errors#no-such-element-exception\nStacktrace:\nRemoteError@chrome://remote/content/shared/RemoteError.sys.mjs:8:8\nWebDriverError@chrome://remote/content/shared/webdriver/Errors.sys.mjs:193:5\nNoSuchElementError@chrome://remote/content/shared/webdriver/Errors.sys.mjs:511:5\ndom.find/</<@chrome://remote/content/shared/DOM.sys.mjs:136:16","time":{"start":1720114235504,"stop":1720114236714,"duration":1210}},{"uid":"d35a4ad473d3a2e3","status":"broken","statusDetails":"selenium.common.exceptions.NoSuchElementException: Message: Unable to locate element: //button[contains(text(), 'Настройки')]; For documentation on this error, please visit: https://www.selenium.dev/documentation/webdriver/troubleshooting/errors#no-such-element-exception\nStacktrace:\nRemoteError@chrome://remote/content/shared/RemoteError.sys.mjs:8:8\nWebDriverError@chrome://remote/content/shared/webdriver/Errors.sys.mjs:193:5\nNoSuchElementError@chrome://remote/content/shared/webdriver/Errors.sys.mjs:511:5\ndom.find/</<@chrome://remote/content/shared/DOM.sys.mjs:136:16","time":{"start":1720114199779,"stop":1720114200944,"duration":1165}},{"uid":"1558767a23b7fc69","status":"broken","statusDetails":"selenium.common.exceptions.NoSuchElementException: Message: Unable to locate element: .settings-button; For documentation on this error, please visit: https://www.selenium.dev/documentation/webdriver/troubleshooting/errors#no-such-element-exception\nStacktrace:\nRemoteError@chrome://remote/content/shared/RemoteError.sys.mjs:8:8\nWebDriverError@chrome://remote/content/shared/webdriver/Errors.sys.mjs:193:5\nNoSuchElementError@chrome://remote/content/shared/webdriver/Errors.sys.mjs:511:5\ndom.find/</<@chrome://remote/content/shared/DOM.sys.mjs:136:16","time":{"start":1720114076615,"stop":1720114077804,"duration":1189}},{"uid":"bfd04787ae8c8cf0","status":"broken","statusDetails":"selenium.common.exceptions.NoSuchElementException: Message: Unable to locate element: //input[@placeholder='Логин']; For documentation on this error, please visit: https://www.selenium.dev/documentation/webdriver/troubleshooting/errors#no-such-element-exception\nStacktrace:\nRemoteError@chrome://remote/content/shared/RemoteError.sys.mjs:8:8\nWebDriverError@chrome://remote/content/shared/webdriver/Errors.sys.mjs:193:5\nNoSuchElementError@chrome://remote/content/shared/webdriver/Errors.sys.mjs:511:5\ndom.find/</<@chrome://remote/content/shared/DOM.sys.mjs:136:16","time":{"start":1720113812835,"stop":1720113813698,"duration":863}},{"uid":"3c241e7a6d472f92","status":"broken","statusDetails":"selenium.common.exceptions.NoSuchElementException: Message: Unable to locate element: //input[@placeholder='Логин']; For documentation on this error, please visit: https://www.selenium.dev/documentation/webdriver/troubleshooting/errors#no-such-element-exception\nStacktrace:\nRemoteError@chrome://remote/content/shared/RemoteError.sys.mjs:8:8\nWebDriverError@chrome://remote/content/shared/webdriver/Errors.sys.mjs:193:5\nNoSuchElementError@chrome://remote/content/shared/webdriver/Errors.sys.mjs:511:5\ndom.find/</<@chrome://remote/content/shared/DOM.sys.mjs:136:16","time":{"start":1720113719489,"stop":1720113720314,"duration":825}},{"uid":"1629138bc0014e02","status":"broken","statusDetails":"selenium.common.exceptions.NoSuchElementException: Message: Unable to locate element: //input[@placeholder='Логин']; For documentation on this error, please visit: https://www.selenium.dev/documentation/webdriver/troubleshooting/errors#no-such-element-exception\nStacktrace:\nRemoteError@chrome://remote/content/shared/RemoteError.sys.mjs:8:8\nWebDriverError@chrome://remote/content/shared/webdriver/Errors.sys.mjs:193:5\nNoSuchElementError@chrome://remote/content/shared/webdriver/Errors.sys.mjs:511:5\ndom.find/</<@chrome://remote/content/shared/DOM.sys.mjs:136:16","time":{"start":1720113547112,"stop":1720113547994,"duration":882}},{"uid":"2c509b1ea6916116","status":"broken","statusDetails":"selenium.common.exceptions.NoSuchElementException: Message: Unable to locate element: [name=\"username\"]; For documentation on this error, please visit: https://www.selenium.dev/documentation/webdriver/troubleshooting/errors#no-such-element-exception\nStacktrace:\nRemoteError@chrome://remote/content/shared/RemoteError.sys.mjs:8:8\nWebDriverError@chrome://remote/content/shared/webdriver/Errors.sys.mjs:193:5\nNoSuchElementError@chrome://remote/content/shared/webdriver/Errors.sys.mjs:511:5\ndom.find/</<@chrome://remote/content/shared/DOM.sys.mjs:136:16","time":{"start":1720113455944,"stop":1720113456881,"duration":937}},{"uid":"5422c703c38513ef","status":"broken","statusDetails":"selenium.common.exceptions.NoSuchElementException: Message: Unable to locate element: .input[placeholder='Логин']; For documentation on this error, please visit: https://www.selenium.dev/documentation/webdriver/troubleshooting/errors#no-such-element-exception\nStacktrace:\nRemoteError@chrome://remote/content/shared/RemoteError.sys.mjs:8:8\nWebDriverError@chrome://remote/content/shared/webdriver/Errors.sys.mjs:193:5\nNoSuchElementError@chrome://remote/content/shared/webdriver/Errors.sys.mjs:511:5\ndom.find/</<@chrome://remote/content/shared/DOM.sys.mjs:136:16","time":{"start":1720113337614,"stop":1720113338509,"duration":895}}],"categories":[],"tags":[]},"source":"4658e9f80d586edd.json","parameterValues":[]}